
	temporal lattice extend .................. 48
	spatial lattice extend in x direction .... 24
	spatial lattice extend in y direction .... 24
	spatial lattice extend in z direction .... 24

	Ensemble ...................................... lattice
	Results will be saved to path:
		/data2/test4/
	Configurations will be read from:
		.//
	number of eigen vectors .................. 120
	Eigenvectors will be read from files:
		/data/LapHs/contraction_Markus/test_data/ev/eigenvectors".eigenvector.t.config"

	QUARK type: ****  u  ****
	 number of random vectors: 6
	 dilution scheme in time: TI2
	 dilution scheme in ev space: EI6
	 dilution scheme in Dirac space: DI4
	 path of the perambulator and random vectors:
		/data/LapHs/contraction_Markus/test_data/peram/up

	processing configurations 714 to 714 in steps of 4

test finished - combinations: 45
combination mom0: 6
combination mom1: 2
combination mom2: 2
combination mom3: 0
combination mom4: 1
0	4	0	1
0	4	1	0
1	6	2	3
1	6	4	5
1	6	1	6
1	6	6	1
1	6	5	4
1	6	3	2
2	5	2	3
2	5	4	5
2	5	1	6
2	5	6	1
2	5	5	4
2	5	3	2
3	4	2	3
3	4	4	5
3	4	1	6
3	4	6	1
3	4	5	4
3	4	3	2
4	0	0	1
4	0	1	0
4	3	2	3
4	3	4	5
4	3	1	6
4	3	6	1
4	3	5	4
4	3	3	2
4	4	1	1
4	5	4	1
4	5	1	4
5	2	2	3
5	2	4	5
5	2	1	6
5	2	6	1
5	2	5	4
5	2	3	2
5	4	4	1
5	4	1	4
6	1	2	3
6	1	4	5
6	1	1	6
6	1	6	1
6	1	5	4
6	1	3	2
	Perambulators initialised
	Random vectors initialised

processing configuration: 714

	Reading perambulator from file:
		/data/LapHs/contraction_Markus/test_data/peram/up/cnfg714/rnd_vec_0/perambulator.rndvecnb00.u.TsoB0024.VsoI0006.DsoF4.TsiF0048.SsiF13824.DsiF4.CsiF3.smeared1.00714
		in: 0.2 seconds
	Reading perambulator from file:
		/data/LapHs/contraction_Markus/test_data/peram/up/cnfg714/rnd_vec_1/perambulator.rndvecnb01.u.TsoB0024.VsoI0006.DsoF4.TsiF0048.SsiF13824.DsiF4.CsiF3.smeared1.00714
		in: 0.3 seconds
	Reading perambulator from file:
		/data/LapHs/contraction_Markus/test_data/peram/up/cnfg714/rnd_vec_2/perambulator.rndvecnb02.u.TsoB0024.VsoI0006.DsoF4.TsiF0048.SsiF13824.DsiF4.CsiF3.smeared1.00714
		in: 0.3 seconds
	Reading perambulator from file:
		/data/LapHs/contraction_Markus/test_data/peram/up/cnfg714/rnd_vec_3/perambulator.rndvecnb03.u.TsoB0024.VsoI0006.DsoF4.TsiF0048.SsiF13824.DsiF4.CsiF3.smeared1.00714
		in: 0.3 seconds
	Reading perambulator from file:
		/data/LapHs/contraction_Markus/test_data/peram/up/cnfg714/rnd_vec_4/perambulator.rndvecnb04.u.TsoB0024.VsoI0006.DsoF4.TsiF0048.SsiF13824.DsiF4.CsiF3.smeared1.00714
		in: 0.2 seconds
	Reading perambulator from file:
		/data/LapHs/contraction_Markus/test_data/peram/up/cnfg714/rnd_vec_5/perambulator.rndvecnb05.u.TsoB0024.VsoI0006.DsoF4.TsiF0048.SsiF13824.DsiF4.CsiF3.smeared1.00714
		in: 0.2 seconds
	Reading random vector from file:
		/data/LapHs/contraction_Markus/test_data/peram/up/cnfg714/rnd_vec_0/randomvector.rndvecnb00.u.nbev0120.0714
	Reading random vector from file:
		/data/LapHs/contraction_Markus/test_data/peram/up/cnfg714/rnd_vec_1/randomvector.rndvecnb01.u.nbev0120.0714
	Reading random vector from file:
		/data/LapHs/contraction_Markus/test_data/peram/up/cnfg714/rnd_vec_2/randomvector.rndvecnb02.u.nbev0120.0714
	Reading random vector from file:
		/data/LapHs/contraction_Markus/test_data/peram/up/cnfg714/rnd_vec_3/randomvector.rndvecnb03.u.nbev0120.0714
	Reading random vector from file:
		/data/LapHs/contraction_Markus/test_data/peram/up/cnfg714/rnd_vec_4/randomvector.rndvecnb04.u.nbev0120.0714
	Reading random vector from file:
		/data/LapHs/contraction_Markus/test_data/peram/up/cnfg714/rnd_vec_5/randomvector.rndvecnb05.u.nbev0120.0714
	reading VdaggerV from file:	reading VdaggerV from file://data/LapHs/contraction_Markus/test_data/operators/cnfg0714/operators.0714.p_001_.t_000
	reading VdaggerV from file://data/LapHs/contraction_Markus/test_data/operators/cnfg0714/operators.0714.p_001_.t_001
//data/LapHs/contraction_Markus/test_data/operators/cnfg0714/operators.0714.p_001_.t_002
	reading VdaggerV from file://data/LapHs/contraction_Markus/test_data/operators/cnfg0714/operators.0714.p_001_.t_003
	reading VdaggerV from file://data/LapHs/contraction_Markus/test_data/operators/cnfg0714/operators.0714.p_-100_.t_002
	reading VdaggerV from file://data/LapHs/contraction_Markus/test_data/operators/cnfg0714/operators.0714.p_-100_.t_000
	reading VdaggerV from file://data/LapHs/contraction_Markus/test_data/operators/cnfg0714/operators.0714.p_-100_.t_001
	reading VdaggerV from file://data/LapHs/contraction_Markus/test_data/operators/cnfg0714/operators.0714.p_-100_.t_003
	reading VdaggerV from file://data/LapHs/contraction_Markus/test_data/operators/cnfg0714/operators.0714.p_0-10_.t_002
	reading VdaggerV from file://data/LapHs/contraction_Markus/test_data/operators/cnfg0714/operators.0714.p_0-10_.t_001
	reading VdaggerV from file://data/LapHs/contraction_Markus/test_data/operators/cnfg0714/operators.0714.p_0-10_.t_003
	reading VdaggerV from file://data/LapHs/contraction_Markus/test_data/operators/cnfg0714/operators.0714.p_0-10_.t_000
	reading VdaggerV from file://data/LapHs/contraction_Markus/test_data/operators/cnfg0714/operators.0714.p_001_.t_004
	reading VdaggerV from file://data/LapHs/contraction_Markus/test_data/operators/cnfg0714/operators.0714.p_001_.t_005
	reading VdaggerV from file://data/LapHs/contraction_Markus/test_data/operators/cnfg0714/operators.0714.p_001_.t_007
	reading VdaggerV from file://data/LapHs/contraction_Markus/test_data/operators/cnfg0714/operators.0714.p_001_.t_006
	reading VdaggerV from file://data/LapHs/contraction_Markus/test_data/operators/cnfg0714/operators.0714.p_-100_.t_004
	reading VdaggerV from file://data/LapHs/contraction_Markus/test_data/operators/cnfg0714/operators.0714.p_-100_.t_005
	reading VdaggerV from file://data/LapHs/contraction_Markus/test_data/operators/cnfg0714/operators.0714.p_0-10_.t_004	reading VdaggerV from file:
//data/LapHs/contraction_Markus/test_data/operators/cnfg0714/operators.0714.p_-100_.t_007	reading VdaggerV from file://data/LapHs/contraction_Markus/test_data/operators/cnfg0714/operators.0714.p_-100_.t_006

	reading VdaggerV from file://data/LapHs/contraction_Markus/test_data/operators/cnfg0714/operators.0714.p_0-10_.t_005
	reading VdaggerV from file://data/LapHs/contraction_Markus/test_data/operators/cnfg0714/operators.0714.p_001_.t_008
	reading VdaggerV from file://data/LapHs/contraction_Markus/test_data/operators/cnfg0714/operators.0714.p_0-10_.t_006
	reading VdaggerV from file://data/LapHs/contraction_Markus/test_data/operators/cnfg0714/operators.0714.p_0-10_.t_007
	reading VdaggerV from file://data/LapHs/contraction_Markus/test_data/operators/cnfg0714/operators.0714.p_-100_.t_008
	reading VdaggerV from file://data/LapHs/contraction_Markus/test_data/operators/cnfg0714/operators.0714.p_001_.t_009
	reading VdaggerV from file://data/LapHs/contraction_Markus/test_data/operators/cnfg0714/operators.0714.p_001_.t_010
	reading VdaggerV from file://data/LapHs/contraction_Markus/test_data/operators/cnfg0714/operators.0714.p_001_.t_011
	reading VdaggerV from file://data/LapHs/contraction_Markus/test_data/operators/cnfg0714/operators.0714.p_0-10_.t_008
	reading VdaggerV from file://data/LapHs/contraction_Markus/test_data/operators/cnfg0714/operators.0714.p_-100_.t_009
	reading VdaggerV from file://data/LapHs/contraction_Markus/test_data/operators/cnfg0714/operators.0714.p_-100_.t_010
	reading VdaggerV from file://data/LapHs/contraction_Markus/test_data/operators/cnfg0714/operators.0714.p_-100_.t_011
	reading VdaggerV from file://data/LapHs/contraction_Markus/test_data/operators/cnfg0714/operators.0714.p_001_.t_012
	reading VdaggerV from file://data/LapHs/contraction_Markus/test_data/operators/cnfg0714/operators.0714.p_0-10_.t_009
	reading VdaggerV from file://data/LapHs/contraction_Markus/test_data/operators/cnfg0714/operators.0714.p_0-10_.t_010
	reading VdaggerV from file://data/LapHs/contraction_Markus/test_data/operators/cnfg0714/operators.0714.p_-100_.t_012
	reading VdaggerV from file://data/LapHs/contraction_Markus/test_data/operators/cnfg0714/operators.0714.p_0-10_.t_011
	reading VdaggerV from file://data/LapHs/contraction_Markus/test_data/operators/cnfg0714/operators.0714.p_001_.t_013
	reading VdaggerV from file://data/LapHs/contraction_Markus/test_data/operators/cnfg0714/operators.0714.p_0-10_.t_012
	reading VdaggerV from file://data/LapHs/contraction_Markus/test_data/operators/cnfg0714/operators.0714.p_001_.t_014
	reading VdaggerV from file://data/LapHs/contraction_Markus/test_data/operators/cnfg0714/operators.0714.p_001_.t_015
	reading VdaggerV from file://data/LapHs/contraction_Markus/test_data/operators/cnfg0714/operators.0714.p_-100_.t_013
	reading VdaggerV from file://data/LapHs/contraction_Markus/test_data/operators/cnfg0714/operators.0714.p_001_.t_016
	reading VdaggerV from file://data/LapHs/contraction_Markus/test_data/operators/cnfg0714/operators.0714.p_-100_.t_014
	reading VdaggerV from file://data/LapHs/contraction_Markus/test_data/operators/cnfg0714/operators.0714.p_-100_.t_015
	reading VdaggerV from file://data/LapHs/contraction_Markus/test_data/operators/cnfg0714/operators.0714.p_-100_.t_016
	reading VdaggerV from file://data/LapHs/contraction_Markus/test_data/operators/cnfg0714/operators.0714.p_0-10_.t_013
	reading VdaggerV from file://data/LapHs/contraction_Markus/test_data/operators/cnfg0714/operators.0714.p_0-10_.t_014
	reading VdaggerV from file://data/LapHs/contraction_Markus/test_data/operators/cnfg0714/operators.0714.p_0-10_.t_016
	reading VdaggerV from file://data/LapHs/contraction_Markus/test_data/operators/cnfg0714/operators.0714.p_0-10_.t_015
	reading VdaggerV from file://data/LapHs/contraction_Markus/test_data/operators/cnfg0714/operators.0714.p_001_.t_017
	reading VdaggerV from file://data/LapHs/contraction_Markus/test_data/operators/cnfg0714/operators.0714.p_001_.t_018
	reading VdaggerV from file://data/LapHs/contraction_Markus/test_data/operators/cnfg0714/operators.0714.p_-100_.t_017
	reading VdaggerV from file://data/LapHs/contraction_Markus/test_data/operators/cnfg0714/operators.0714.p_001_.t_019
	reading VdaggerV from file://data/LapHs/contraction_Markus/test_data/operators/cnfg0714/operators.0714.p_-100_.t_018
	reading VdaggerV from file://data/LapHs/contraction_Markus/test_data/operators/cnfg0714/operators.0714.p_0-10_.t_017
	reading VdaggerV from file://data/LapHs/contraction_Markus/test_data/operators/cnfg0714/operators.0714.p_001_.t_020
	reading VdaggerV from file:	reading VdaggerV from file://data/LapHs/contraction_Markus/test_data/operators/cnfg0714/operators.0714.p_-100_.t_019
//data/LapHs/contraction_Markus/test_data/operators/cnfg0714/operators.0714.p_0-10_.t_018
	reading VdaggerV from file://data/LapHs/contraction_Markus/test_data/operators/cnfg0714/operators.0714.p_-100_.t_020
	reading VdaggerV from file://data/LapHs/contraction_Markus/test_data/operators/cnfg0714/operators.0714.p_001_.t_022
	reading VdaggerV from file://data/LapHs/contraction_Markus/test_data/operators/cnfg0714/operators.0714.p_0-10_.t_019
	reading VdaggerV from file://data/LapHs/contraction_Markus/test_data/operators/cnfg0714/operators.0714.p_001_.t_021
	reading VdaggerV from file://data/LapHs/contraction_Markus/test_data/operators/cnfg0714/operators.0714.p_-100_.t_022
	reading VdaggerV from file://data/LapHs/contraction_Markus/test_data/operators/cnfg0714/operators.0714.p_0-10_.t_020
	reading VdaggerV from file://data/LapHs/contraction_Markus/test_data/operators/cnfg0714/operators.0714.p_001_.t_023
	reading VdaggerV from file://data/LapHs/contraction_Markus/test_data/operators/cnfg0714/operators.0714.p_-100_.t_021
	reading VdaggerV from file://data/LapHs/contraction_Markus/test_data/operators/cnfg0714/operators.0714.p_0-10_.t_022
	reading VdaggerV from file://data/LapHs/contraction_Markus/test_data/operators/cnfg0714/operators.0714.p_001_.t_024
	reading VdaggerV from file://data/LapHs/contraction_Markus/test_data/operators/cnfg0714/operators.0714.p_001_.t_025
	reading VdaggerV from file://data/LapHs/contraction_Markus/test_data/operators/cnfg0714/operators.0714.p_0-10_.t_021
	reading VdaggerV from file://data/LapHs/contraction_Markus/test_data/operators/cnfg0714/operators.0714.p_-100_.t_023
	reading VdaggerV from file://data/LapHs/contraction_Markus/test_data/operators/cnfg0714/operators.0714.p_-100_.t_024
	reading VdaggerV from file://data/LapHs/contraction_Markus/test_data/operators/cnfg0714/operators.0714.p_-100_.t_025
	reading VdaggerV from file://data/LapHs/contraction_Markus/test_data/operators/cnfg0714/operators.0714.p_0-10_.t_023
	reading VdaggerV from file://data/LapHs/contraction_Markus/test_data/operators/cnfg0714/operators.0714.p_001_.t_026
	reading VdaggerV from file://data/LapHs/contraction_Markus/test_data/operators/cnfg0714/operators.0714.p_0-10_.t_025
	reading VdaggerV from file://data/LapHs/contraction_Markus/test_data/operators/cnfg0714/operators.0714.p_001_.t_027
	reading VdaggerV from file://data/LapHs/contraction_Markus/test_data/operators/cnfg0714/operators.0714.p_001_.t_028
	reading VdaggerV from file://data/LapHs/contraction_Markus/test_data/operators/cnfg0714/operators.0714.p_-100_.t_028
	reading VdaggerV from file://data/LapHs/contraction_Markus/test_data/operators/cnfg0714/operators.0714.p_-100_.t_027
	reading VdaggerV from file://data/LapHs/contraction_Markus/test_data/operators/cnfg0714/operators.0714.p_0-10_.t_028
	reading VdaggerV from file://data/LapHs/contraction_Markus/test_data/operators/cnfg0714/operators.0714.p_0-10_.t_027
	reading VdaggerV from file://data/LapHs/contraction_Markus/test_data/operators/cnfg0714/operators.0714.p_001_.t_029
	reading VdaggerV from file://data/LapHs/contraction_Markus/test_data/operators/cnfg0714/operators.0714.p_001_.t_030
	reading VdaggerV from file://data/LapHs/contraction_Markus/test_data/operators/cnfg0714/operators.0714.p_-100_.t_029
	reading VdaggerV from file://data/LapHs/contraction_Markus/test_data/operators/cnfg0714/operators.0714.p_0-10_.t_029
	reading VdaggerV from file://data/LapHs/contraction_Markus/test_data/operators/cnfg0714/operators.0714.p_-100_.t_030
	reading VdaggerV from file://data/LapHs/contraction_Markus/test_data/operators/cnfg0714/operators.0714.p_001_.t_031
	reading VdaggerV from file://data/LapHs/contraction_Markus/test_data/operators/cnfg0714/operators.0714.p_0-10_.t_030
	reading VdaggerV from file://data/LapHs/contraction_Markus/test_data/operators/cnfg0714/operators.0714.p_-100_.t_031
	reading VdaggerV from file://data/LapHs/contraction_Markus/test_data/operators/cnfg0714/operators.0714.p_0-10_.t_031
	reading VdaggerV from file://data/LapHs/contraction_Markus/test_data/operators/cnfg0714/operators.0714.p_001_.t_032
	reading VdaggerV from file://data/LapHs/contraction_Markus/test_data/operators/cnfg0714/operators.0714.p_001_.t_033
	reading VdaggerV from file://data/LapHs/contraction_Markus/test_data/operators/cnfg0714/operators.0714.p_-100_.t_032
	reading VdaggerV from file://data/LapHs/contraction_Markus/test_data/operators/cnfg0714/operators.0714.p_-100_.t_033
	reading VdaggerV from file://data/LapHs/contraction_Markus/test_data/operators/cnfg0714/operators.0714.p_0-10_.t_032
	reading VdaggerV from file://data/LapHs/contraction_Markus/test_data/operators/cnfg0714/operators.0714.p_0-10_.t_033
	reading VdaggerV from file://data/LapHs/contraction_Markus/test_data/operators/cnfg0714/operators.0714.p_001_.t_034
	reading VdaggerV from file://data/LapHs/contraction_Markus/test_data/operators/cnfg0714/operators.0714.p_001_.t_035
	reading VdaggerV from file:	reading VdaggerV from file://data/LapHs/contraction_Markus/test_data/operators/cnfg0714/operators.0714.p_0-10_.t_024//data/LapHs/contraction_Markus/test_data/operators/cnfg0714/operators.0714.p_-100_.t_026

	reading VdaggerV from file://data/LapHs/contraction_Markus/test_data/operators/cnfg0714/operators.0714.p_-100_.t_034
	reading VdaggerV from file://data/LapHs/contraction_Markus/test_data/operators/cnfg0714/operators.0714.p_-100_.t_035
	reading VdaggerV from file://data/LapHs/contraction_Markus/test_data/operators/cnfg0714/operators.0714.p_0-10_.t_034
	reading VdaggerV from file://data/LapHs/contraction_Markus/test_data/operators/cnfg0714/operators.0714.p_0-10_.t_026
	reading VdaggerV from file://data/LapHs/contraction_Markus/test_data/operators/cnfg0714/operators.0714.p_001_.t_036
	reading VdaggerV from file://data/LapHs/contraction_Markus/test_data/operators/cnfg0714/operators.0714.p_0-10_.t_035
	reading VdaggerV from file://data/LapHs/contraction_Markus/test_data/operators/cnfg0714/operators.0714.p_001_.t_037
	reading VdaggerV from file://data/LapHs/contraction_Markus/test_data/operators/cnfg0714/operators.0714.p_-100_.t_036
	reading VdaggerV from file://data/LapHs/contraction_Markus/test_data/operators/cnfg0714/operators.0714.p_001_.t_038
	reading VdaggerV from file://data/LapHs/contraction_Markus/test_data/operators/cnfg0714/operators.0714.p_-100_.t_037
	reading VdaggerV from file://data/LapHs/contraction_Markus/test_data/operators/cnfg0714/operators.0714.p_001_.t_039
	reading VdaggerV from file://data/LapHs/contraction_Markus/test_data/operators/cnfg0714/operators.0714.p_0-10_.t_036
	reading VdaggerV from file://data/LapHs/contraction_Markus/test_data/operators/cnfg0714/operators.0714.p_0-10_.t_037
	reading VdaggerV from file://data/LapHs/contraction_Markus/test_data/operators/cnfg0714/operators.0714.p_-100_.t_039
	reading VdaggerV from file://data/LapHs/contraction_Markus/test_data/operators/cnfg0714/operators.0714.p_001_.t_040
	reading VdaggerV from file://data/LapHs/contraction_Markus/test_data/operators/cnfg0714/operators.0714.p_001_.t_041
	reading VdaggerV from file://data/LapHs/contraction_Markus/test_data/operators/cnfg0714/operators.0714.p_-100_.t_041
	reading VdaggerV from file://data/LapHs/contraction_Markus/test_data/operators/cnfg0714/operators.0714.p_-100_.t_040
	reading VdaggerV from file://data/LapHs/contraction_Markus/test_data/operators/cnfg0714/operators.0714.p_0-10_.t_039
	reading VdaggerV from file://data/LapHs/contraction_Markus/test_data/operators/cnfg0714/operators.0714.p_0-10_.t_041
	reading VdaggerV from file://data/LapHs/contraction_Markus/test_data/operators/cnfg0714/operators.0714.p_-100_.t_038
	reading VdaggerV from file://data/LapHs/contraction_Markus/test_data/operators/cnfg0714/operators.0714.p_0-10_.t_040
	reading VdaggerV from file:	reading VdaggerV from file://data/LapHs/contraction_Markus/test_data/operators/cnfg0714/operators.0714.p_001_.t_042//data/LapHs/contraction_Markus/test_data/operators/cnfg0714/operators.0714.p_001_.t_043

	reading VdaggerV from file://data/LapHs/contraction_Markus/test_data/operators/cnfg0714/operators.0714.p_0-10_.t_038
	reading VdaggerV from file://data/LapHs/contraction_Markus/test_data/operators/cnfg0714/operators.0714.p_-100_.t_043
	reading VdaggerV from file://data/LapHs/contraction_Markus/test_data/operators/cnfg0714/operators.0714.p_001_.t_044
	reading VdaggerV from file://data/LapHs/contraction_Markus/test_data/operators/cnfg0714/operators.0714.p_-100_.t_042
	reading VdaggerV from file://data/LapHs/contraction_Markus/test_data/operators/cnfg0714/operators.0714.p_0-10_.t_043
	reading VdaggerV from file://data/LapHs/contraction_Markus/test_data/operators/cnfg0714/operators.0714.p_001_.t_045
	reading VdaggerV from file://data/LapHs/contraction_Markus/test_data/operators/cnfg0714/operators.0714.p_-100_.t_044
	reading VdaggerV from file://data/LapHs/contraction_Markus/test_data/operators/cnfg0714/operators.0714.p_0-10_.t_042
	reading VdaggerV from file://data/LapHs/contraction_Markus/test_data/operators/cnfg0714/operators.0714.p_001_.t_046
	reading VdaggerV from file://data/LapHs/contraction_Markus/test_data/operators/cnfg0714/operators.0714.p_-100_.t_045
	reading VdaggerV from file://data/LapHs/contraction_Markus/test_data/operators/cnfg0714/operators.0714.p_0-10_.t_044
	reading VdaggerV from file://data/LapHs/contraction_Markus/test_data/operators/cnfg0714/operators.0714.p_-100_.t_046
	reading VdaggerV from file://data/LapHs/contraction_Markus/test_data/operators/cnfg0714/operators.0714.p_001_.t_047
	reading VdaggerV from file://data/LapHs/contraction_Markus/test_data/operators/cnfg0714/operators.0714.p_0-10_.t_045
	reading VdaggerV from file://data/LapHs/contraction_Markus/test_data/operators/cnfg0714/operators.0714.p_0-10_.t_046
	reading VdaggerV from file://data/LapHs/contraction_Markus/test_data/operators/cnfg0714/operators.0714.p_-100_.t_047
	reading VdaggerV from file://data/LapHs/contraction_Markus/test_data/operators/cnfg0714/operators.0714.p_0-10_.t_047
			SUCCESS - 0.0 seconds
	build rvdaggerv:		SUCCESS - 0.0 seconds
	build rvdaggervr:		SUCCESS - 2.2 seconds
	computing Q1:			SUCCESS - 0.0 seconds
	computing Q2L:			SUCCESS - 141.2 seconds
	computing Q2V:			SUCCESS - 0.0 seconds
	computing corrC:		SUCCESS - 0.0 seconds
	computing corr0:		SUCCESS - 0.0 seconds
	computing C1:			SUCCESS - 0.0 seconds
	computing C4cC:			SUCCESS - 0.0 seconds
	computing C4cB:			SUCCESS - 720.1 seconds
	computing C30:		SUCCESS - 0.0 seconds
	computing C40C:		SUCCESS - 0.0 seconds
	computing C40B:		SUCCESS - 0.0 seconds
